<?xml version="1.0" encoding="UTF-8"?>
<!-- Generated by org.testng.reporters.JUnitReportReporter -->
<testsuite hostname="ShwetaYadav" failures="0" tests="1" name="com.TestCases.Tc_001_Login" time="3.431" errors="0" timestamp="2023-03-05T00:10:16 IST" skipped="0">
  <testcase classname="com.TestCases.Tc_001_Login" name="Login_Test" time="3.431"/>
  <system-out/>
</testsuite> <!-- com.TestCases.Tc_001_Login -->
